[2020-10-14T11:26:36.389] [DEBUG] cheese - login => username:zs,password:132456
[2020-10-14T11:26:36.398] [DEBUG] cheese - zs
[2020-10-14T11:26:36.422] [DEBUG] cheese - null
[2020-10-14T11:26:36.423] [DEBUG] cheese - null
[2020-10-14T11:27:05.851] [DEBUG] cheese - login => username:admin,password:132456
[2020-10-14T11:27:05.851] [DEBUG] cheese - admin
[2020-10-14T11:27:05.856] [DEBUG] cheese - null
[2020-10-14T11:27:05.857] [DEBUG] cheese - null
[2020-10-14T11:27:14.359] [DEBUG] cheese - login => username:admin,password:123456
[2020-10-14T11:27:14.359] [DEBUG] cheese - admin
[2020-10-14T11:27:14.361] [DEBUG] cheese - null
[2020-10-14T11:27:14.361] [DEBUG] cheese - null
[2020-10-14T12:23:09.874] [DEBUG] cheese - login => username:admin,password:123456
[2020-10-14T12:23:09.874] [DEBUG] cheese - admin
[2020-10-14T12:23:09.879] [DEBUG] cheese - null
[2020-10-14T12:23:09.879] [DEBUG] cheese - null
[2020-10-14T12:31:41.683] [DEBUG] cheese - login => username:admin,password:123456
[2020-10-14T12:31:41.683] [DEBUG] cheese - admin
[2020-10-14T12:31:41.693] [DEBUG] cheese - null
[2020-10-14T12:31:41.693] [DEBUG] cheese - null
[2020-10-14T12:32:24.629] [DEBUG] cheese - login => username:admin,password:123456
[2020-10-14T12:32:24.629] [DEBUG] cheese - admin
[2020-10-14T12:32:24.631] [DEBUG] cheese - null
[2020-10-14T12:32:24.632] [DEBUG] cheese - null
[2020-10-14T12:39:19.942] [DEBUG] cheese - login => username:admin,password:123456
[2020-10-14T12:39:19.943] [DEBUG] cheese - admin
[2020-10-14T12:39:19.952] [DEBUG] cheese - null
[2020-10-14T12:39:19.953] [DEBUG] cheese - null
[2020-10-14T12:40:05.452] [DEBUG] cheese - login => username:admin,password:123456
[2020-10-14T12:40:05.453] [DEBUG] cheese - admin
[2020-10-14T12:40:05.458] [DEBUG] cheese - null
[2020-10-14T12:40:05.459] [DEBUG] cheese - null
[2020-10-14T12:40:10.883] [DEBUG] cheese - login => username:admin,password:123456
[2020-10-14T12:40:10.883] [DEBUG] cheese - admin
[2020-10-14T12:40:10.887] [DEBUG] cheese - null
[2020-10-14T12:40:10.887] [DEBUG] cheese - null
[2020-10-14T12:42:27.334] [DEBUG] cheese - login => username:admin,password:123456
[2020-10-14T12:42:27.334] [DEBUG] cheese - admin
[2020-10-14T12:42:27.343] [DEBUG] cheese - null
[2020-10-14T12:42:27.343] [DEBUG] cheese - null
[2020-10-14T12:42:47.819] [DEBUG] cheese - login => username:admin,password:123456
[2020-10-14T12:42:47.819] [DEBUG] cheese - admin
[2020-10-14T12:42:47.824] [DEBUG] cheese - null
[2020-10-14T12:42:47.824] [DEBUG] cheese - null
[2020-10-14T12:44:13.196] [DEBUG] cheese - login => username:admin,password:123456
[2020-10-14T12:44:13.196] [DEBUG] cheese - admin
[2020-10-14T12:44:13.200] [DEBUG] cheese - null
[2020-10-14T12:44:13.200] [DEBUG] cheese - null
[2020-10-14T12:45:13.394] [DEBUG] cheese - login => username:admin,password:123456
[2020-10-14T12:45:13.394] [DEBUG] cheese - admin
[2020-10-14T12:45:13.396] [DEBUG] cheese - null
[2020-10-14T12:45:13.396] [DEBUG] cheese - null
[2020-10-14T12:51:49.807] [DEBUG] cheese - login => username:admin,password:123456
[2020-10-14T12:51:49.807] [DEBUG] cheese - admin
[2020-10-14T12:51:49.813] [DEBUG] cheese - null
[2020-10-14T12:51:49.813] [DEBUG] cheese - null
[2020-10-14T12:51:52.854] [DEBUG] cheese - login => username:admin,password:123456
[2020-10-14T12:51:52.854] [DEBUG] cheese - admin
[2020-10-14T12:51:52.858] [DEBUG] cheese - null
[2020-10-14T12:51:52.859] [DEBUG] cheese - null
[2020-10-14T12:51:55.127] [DEBUG] cheese - login => username:admin,password:123456
[2020-10-14T12:51:55.127] [DEBUG] cheese - admin
[2020-10-14T12:51:55.132] [DEBUG] cheese - null
[2020-10-14T12:51:55.132] [DEBUG] cheese - null
[2020-10-14T14:08:04.730] [DEBUG] cheese - login => username:admin,password:123456
[2020-10-14T14:08:04.733] [DEBUG] cheese - admin
[2020-10-14T14:08:04.744] [DEBUG] cheese - null
[2020-10-14T14:08:04.744] [DEBUG] cheese - null
[2020-10-14T14:14:40.629] [DEBUG] cheese - login => username:admin,password:123456
[2020-10-14T14:14:40.630] [DEBUG] cheese - admin
[2020-10-14T14:14:40.649] [DEBUG] cheese - null
[2020-10-14T14:14:40.649] [DEBUG] cheese - null
[2020-10-14T14:15:07.914] [DEBUG] cheese - login => username:admin,password:123456
[2020-10-14T14:15:07.915] [DEBUG] cheese - admin
[2020-10-14T14:15:07.920] [DEBUG] cheese - null
[2020-10-14T14:15:07.920] [DEBUG] cheese - null
[2020-10-14T14:18:35.571] [DEBUG] cheese - login => username:admin,password:123456
[2020-10-14T14:18:35.571] [DEBUG] cheese - admin
[2020-10-14T14:18:35.579] [DEBUG] cheese - null
[2020-10-14T14:18:35.579] [DEBUG] cheese - null
[2020-10-14T14:19:03.190] [DEBUG] cheese - login => username:admin,password:123456
[2020-10-14T14:19:03.190] [DEBUG] cheese - admin
[2020-10-14T14:19:03.197] [DEBUG] cheese - null
[2020-10-14T14:19:03.198] [DEBUG] cheese - null
[2020-10-14T14:33:01.190] [DEBUG] cheese - login => username:admin,password:123456
[2020-10-14T14:33:01.190] [DEBUG] cheese - admin
[2020-10-14T14:33:01.196] [DEBUG] cheese - null
[2020-10-14T14:33:01.196] [DEBUG] cheese - null
[2020-10-14T14:38:50.359] [DEBUG] cheese - login => username:admin,password:123456
[2020-10-14T14:38:50.359] [DEBUG] cheese - admin
[2020-10-14T14:38:50.366] [DEBUG] cheese - null
[2020-10-14T14:38:50.366] [DEBUG] cheese - null
[2020-10-14T14:39:59.062] [DEBUG] cheese - login => username:admin,password:123456
[2020-10-14T14:39:59.062] [DEBUG] cheese - admin
[2020-10-14T14:39:59.065] [DEBUG] cheese - null
[2020-10-14T14:39:59.066] [DEBUG] cheese - null
[2020-10-14T14:41:45.905] [DEBUG] cheese - login => username:admin,password:123456
[2020-10-14T14:41:45.905] [DEBUG] cheese - admin
[2020-10-14T14:41:45.913] [DEBUG] cheese - null
[2020-10-14T14:41:45.913] [DEBUG] cheese - null
[2020-10-14T14:59:03.498] [DEBUG] cheese - login => username:admin,password:123456
[2020-10-14T14:59:03.498] [DEBUG] cheese - admin
[2020-10-14T14:59:03.506] [DEBUG] cheese - null
[2020-10-14T14:59:03.506] [DEBUG] cheese - null
[2020-10-14T14:59:19.154] [DEBUG] cheese - login => username:admin,password:123456
[2020-10-14T14:59:19.154] [DEBUG] cheese - admin
[2020-10-14T14:59:19.159] [DEBUG] cheese - null
[2020-10-14T14:59:19.159] [DEBUG] cheese - null
[2020-10-14T15:12:10.637] [DEBUG] cheese - login => username:admin,password:123456
[2020-10-14T15:12:10.638] [DEBUG] cheese - admin
[2020-10-14T15:12:10.645] [DEBUG] cheese - null
[2020-10-14T15:12:10.645] [DEBUG] cheese - null
[2020-10-14T15:35:50.341] [DEBUG] cheese - login => username:admin,password:123456
[2020-10-14T15:35:50.342] [DEBUG] cheese - admin
[2020-10-14T15:35:50.347] [DEBUG] cheese - null
[2020-10-14T15:35:50.347] [DEBUG] cheese - null
[2020-10-14T15:53:40.553] [DEBUG] cheese - login => username:admin,password:123456
[2020-10-14T15:53:40.553] [DEBUG] cheese - admin
[2020-10-14T15:53:40.557] [DEBUG] cheese - null
[2020-10-14T15:53:40.557] [DEBUG] cheese - null
[2020-10-14T15:55:26.817] [DEBUG] cheese - login => username:admin,password:123456
[2020-10-14T15:55:26.817] [DEBUG] cheese - admin
[2020-10-14T15:55:26.820] [DEBUG] cheese - null
[2020-10-14T15:55:26.820] [DEBUG] cheese - null
[2020-10-14T15:57:46.170] [DEBUG] cheese - login => username:admin,password:123456
[2020-10-14T15:57:46.171] [DEBUG] cheese - admin
[2020-10-14T15:57:46.174] [DEBUG] cheese - null
[2020-10-14T15:57:46.174] [DEBUG] cheese - null
[2020-10-14T18:28:59.724] [DEBUG] cheese - login => username:admin,password:123456
[2020-10-14T18:28:59.724] [DEBUG] cheese - admin
[2020-10-14T18:28:59.730] [DEBUG] cheese - null
[2020-10-14T18:28:59.731] [DEBUG] cheese - null
[2020-10-14T18:29:48.292] [DEBUG] cheese - login => username:admin,password:123456
[2020-10-14T18:29:48.292] [DEBUG] cheese - admin
[2020-10-14T18:29:48.294] [DEBUG] cheese - null
[2020-10-14T18:29:48.294] [DEBUG] cheese - null
[2020-10-14T18:32:16.565] [DEBUG] cheese - login => username:admin,password:123456
[2020-10-14T18:32:16.565] [DEBUG] cheese - admin
[2020-10-14T18:32:16.568] [DEBUG] cheese - null
[2020-10-14T18:32:16.569] [DEBUG] cheese - null
